[inf] 2019-02-21 10:14:10 | Starting the app - devnet-4000 - Lisk Framework(0.1.0)
[inf] 2019-02-21 10:14:10 | Initializing controller
[inf] 2019-02-21 10:14:10 | Loading controller
[inf] 2019-02-21 10:14:10 | Loading module with alias: chain(lisk-core-chain:0.1.0)
[inf] 2019-02-21 10:14:10 | Module ready with alias: chain(lisk-core-chain:0.1.0)
[inf] 2019-02-21 10:14:10 | Bus listening to events - ["lisk:ready","chain:registeredToBus","chain:loading:started","chain:loading:finished"]
[inf] 2019-02-21 10:14:10 | Bus ready for actions - ["lisk:getComponentConfig"]
[log] 2019-02-21 10:14:10 | App started...
[dbg] 2019-02-21 10:14:10 | Initiating cache...
[dbg] 2019-02-21 10:14:10 | Initiating storage...
[dbg] 2019-02-21 10:14:10 | Initiating system...
[dbg] 2019-02-21 10:14:10 | Hook loader for coverage - Do not use in production environment!
[inf] 2019-02-21 10:14:11 | App connected to Cache server
[inf] 2019-02-21 10:14:11 | Cleanup controller...
[inf] 2019-02-21 10:14:11 | Cleaning chain...
[inf] 2019-02-21 10:14:32 | Starting the app - devnet-4000 - Lisk Framework(0.1.0)
[inf] 2019-02-21 10:14:32 | Initializing controller
[inf] 2019-02-21 10:14:32 | Loading controller
[inf] 2019-02-21 10:14:32 | Loading module with alias: chain(lisk-core-chain:0.1.0)
[inf] 2019-02-21 10:14:32 | Module ready with alias: chain(lisk-core-chain:0.1.0)
[inf] 2019-02-21 10:14:32 | Bus listening to events - ["lisk:ready","chain:registeredToBus","chain:loading:started","chain:loading:finished"]
[inf] 2019-02-21 10:14:32 | Bus ready for actions - ["lisk:getComponentConfig"]
[log] 2019-02-21 10:14:32 | App started...
[dbg] 2019-02-21 10:14:32 | Initiating cache...
[dbg] 2019-02-21 10:14:32 | Initiating storage...
[dbg] 2019-02-21 10:14:32 | Initiating system...
[dbg] 2019-02-21 10:14:32 | Hook loader for coverage - Do not use in production environment!
[inf] 2019-02-21 10:14:32 | App connected to Cache server
[inf] 2019-02-21 10:14:32 | Cleanup controller...
[inf] 2019-02-21 10:14:51 | Starting the app - devnet-4000 - Lisk Framework(0.1.0)
[inf] 2019-02-21 10:14:51 | Initializing controller
[inf] 2019-02-21 10:14:51 | Loading controller
[inf] 2019-02-21 10:14:51 | Loading module with alias: chain(lisk-core-chain:0.1.0)
[inf] 2019-02-21 10:14:51 | Module ready with alias: chain(lisk-core-chain:0.1.0)
[inf] 2019-02-21 10:14:51 | Bus listening to events - ["lisk:ready","chain:registeredToBus","chain:loading:started","chain:loading:finished"]
[inf] 2019-02-21 10:14:51 | Bus ready for actions - ["lisk:getComponentConfig"]
[log] 2019-02-21 10:14:51 | App started...
[dbg] 2019-02-21 10:14:51 | Initiating cache...
[dbg] 2019-02-21 10:14:51 | Initiating storage...
[dbg] 2019-02-21 10:14:51 | Initiating system...
[dbg] 2019-02-21 10:14:51 | Hook loader for coverage - Do not use in production environment!
[inf] 2019-02-21 10:14:51 | App connected to Cache server
[inf] 2019-02-21 10:14:52 | Socket Cluster ready for incoming connections
[dbg] 2019-02-21 10:14:52 | Loading module - accounts
[dbg] 2019-02-21 10:14:52 | Loading module - blocks
[dbg] 2019-02-21 10:14:52 | Loading module - dapps
[dbg] 2019-02-21 10:14:52 | Loading module - delegates
[dbg] 2019-02-21 10:14:53 | Loading module - rounds
[dbg] 2019-02-21 10:14:53 | Loading module - loader
[dbg] 2019-02-21 10:14:53 | Loading module - multisignatures
[dbg] 2019-02-21 10:14:53 | Loading module - peers
[dbg] 2019-02-21 10:14:53 | Loading module - signatures
[dbg] 2019-02-21 10:14:53 | Loading module - transactions
[dbg] 2019-02-21 10:14:53 | Loading module - transport
[inf] 2019-02-21 10:14:53 | Releasing enqueued broadcasts
[inf] 2019-02-21 10:14:53 | Queue empty
[inf] 2019-02-21 10:14:53 | Cleanup controller...
